<?xml version="1.0" encoding="UTF-8"?>
<!-- Generated by org.testng.reporters.JUnitReportReporter -->
<testsuite hostname="DESKTOP-CVD89PB" failures="0" tests="2" name="COM.CRM.VTiger.ContactTest.CreateContactTest" time="36.865" errors="0" timestamp="2023-09-21T11:56:14 IST" skipped="0">
  <testcase classname="COM.CRM.VTiger.ContactTest.CreateContactTest" name="verifyUserCreateContactTest" time="30.681">
    <system-out>
      <![CDATA[clicked on contact
clicked on Look up image
validation pass]]>
    </system-out>
  </testcase> <!-- verifyUserCreateContactTest -->
  <testcase classname="COM.CRM.VTiger.ContactTest.CreateContactTest" name="create" time="6.184"/>
  <system-out>
    <![CDATA[clicked on contact
clicked on Look up image
validation pass]]>
  </system-out>
</testsuite> <!-- COM.CRM.VTiger.ContactTest.CreateContactTest -->
