<?xml version="1.0" encoding="UTF-8"?>
<!-- Generated by org.testng.reporters.JUnitReportReporter -->
<testsuite hostname="DESKTOP-CVD89PB" failures="0" tests="3" name="COM.CRM.VTiger.practice.DataProvSecond" time="0.035" errors="0" timestamp="2023-09-09T10:58:05 IST" skipped="0">
  <testcase classname="COM.CRM.VTiger.practice.DataProvSecond" name="dataFetch" time="0.003"/>
  <testcase classname="COM.CRM.VTiger.practice.DataProvSecond" name="dataFetch" time="0.003"/>
  <testcase classname="COM.CRM.VTiger.practice.DataProvSecond" name="dataFetch" time="0.029"/>
</testsuite> <!-- COM.CRM.VTiger.practice.DataProvSecond -->
