<?xml version="1.0" encoding="UTF-8"?>
<!-- Generated by org.testng.reporters.JUnitReportReporter -->
<testsuite hostname="DESKTOP-CVD89PB" failures="0" tests="3" name="COM.CRM.VTiger.practice.DataProviderPractice" time="0.045" errors="0" timestamp="2023-09-09T10:55:51 IST" skipped="0">
  <testcase classname="COM.CRM.VTiger.practice.DataProviderPractice" name="dataFetch" time="0.003"/>
  <testcase classname="COM.CRM.VTiger.practice.DataProviderPractice" name="dataFetch" time="0.008"/>
  <testcase classname="COM.CRM.VTiger.practice.DataProviderPractice" name="dataFetch" time="0.034"/>
</testsuite> <!-- COM.CRM.VTiger.practice.DataProviderPractice -->
