<?xml version="1.0" encoding="UTF-8"?>
<!-- Generated by org.testng.reporters.JUnitReportReporter -->
<testsuite hostname="DESKTOP-CVD89PB" failures="0" tests="3" name="COM.CRM.VTiger.OrganizationTest.MultipleUserOrganizationTest" time="156.683" errors="0" timestamp="2023-09-11T10:52:34 IST" skipped="0">
  <testcase classname="COM.CRM.VTiger.OrganizationTest.MultipleUserOrganizationTest" name="verifyUserCreateOrganizationTest" time="70.761"/>
  <testcase classname="COM.CRM.VTiger.OrganizationTest.MultipleUserOrganizationTest" name="verifyUserCreateOrganizationTest" time="32.609"/>
  <testcase classname="COM.CRM.VTiger.OrganizationTest.MultipleUserOrganizationTest" name="verifyUserCreateOrganizationTest" time="53.313"/>
</testsuite> <!-- COM.CRM.VTiger.OrganizationTest.MultipleUserOrganizationTest -->
